<?xml version="1.0" encoding="UTF-8"?>
<!-- Generated by org.testng.reporters.JUnitXMLReporter -->
<testsuite ignored="0" hostname="DESKTOP-VP7NJAU" failures="1" tests="2" name="LoginTest" time="0.092" errors="0" timestamp="2024-01-31T14:28:55 IST">
  <testcase classname="TestComponent.LoginTest" name="loginTc02" time="0.014"/>
  <testcase classname="TestComponent.LoginTest" name="longinTc01" time="0.0">
    <failure type="org.testng.TestNGException" message="
Parameter &amp;apos;password&amp;apos; is required by @Test on method longinTc01 but has not been marked @Optional or defined
in C:\Users\LENOVO\eclipse-workspace\ProjectDemo\testng.xml">
      <![CDATA[org.testng.TestNGException: 
Parameter 'password' is required by @Test on method longinTc01 but has not been marked @Optional or defined
in C:\Users\LENOVO\eclipse-workspace\ProjectDemo\testng.xml
at java.base/java.util.ArrayList.forEach(ArrayList.java:1596)
... Removed 26 stack frames]]>
    </failure>
  </testcase> <!-- longinTc01 -->
</testsuite> <!-- LoginTest -->
